2023-06-26 22:09:27,752 [Worker-6: Loading available Gradle versions] INFO  o.e.b.c.i.u.g.PublishedGradleVersions - Gradle version information cache is up-to-date. Trying to read.
2023-06-26 22:13:26,417 [Worker-2: Loading available Gradle versions] INFO  o.e.b.c.i.u.g.PublishedGradleVersions - Gradle version information cache is up-to-date. Trying to read.
2023-06-28 19:10:43,896 [Worker-6: Loading available Gradle versions] INFO  o.e.b.c.i.u.g.PublishedGradleVersions - Gradle version information cache is up-to-date. Trying to read.
2023-07-21 09:57:39,827 [Worker-2: Loading available Gradle versions] INFO  o.e.b.c.i.u.g.PublishedGradleVersions - Gradle version information cache is up-to-date. Trying to read.
2023-07-21 09:58:58,967 [Worker-24: Building] INFO  o.e.m.c.i.l.LifecycleMappingFactory - Using org.eclipse.m2e.jdt.JarLifecycleMapping lifecycle mapping for MavenProject: com.sincro.fleet:fleetserviceclient:1.0.485 @ C:\Users\joaog\projetos_sincro\backend_sincro\fleet-service\pom.xml.
2023-07-21 09:59:12,163 [Worker-24: Building] WARN  o.e.m.c.i.embedder.EclipseLogger - The artifact org.hibernate:hibernate-jpamodelgen:pom:6.1.3.Final has been relocated to org.hibernate.orm:hibernate-jpamodelgen:pom:6.1.3.Final
2023-07-21 09:59:31,053 [Worker-24: Building] INFO  o.e.m.c.i.embedder.EclipseLogger - Using 'UTF-8' encoding to copy filtered resources.
2023-07-21 09:59:31,053 [Worker-24: Building] INFO  o.e.m.c.i.embedder.EclipseLogger - Using 'UTF-8' encoding to copy filtered properties files.
2023-07-21 09:59:31,064 [Worker-24: Building] INFO  o.e.m.c.i.embedder.EclipseLogger - Copying 5 resources
2023-07-21 09:59:31,148 [Worker-24: Building] INFO  o.e.m.c.i.embedder.EclipseLogger - Copying 99 resources
2023-07-21 09:59:32,175 [Worker-24: Building] INFO  o.e.m.c.i.embedder.EclipseLogger - Using 'UTF-8' encoding to copy filtered resources.
2023-07-21 09:59:32,175 [Worker-24: Building] INFO  o.e.m.c.i.embedder.EclipseLogger - Using 'UTF-8' encoding to copy filtered properties files.
2023-07-21 09:59:32,175 [Worker-24: Building] INFO  o.e.m.c.i.embedder.EclipseLogger - skip non existing resourceDirectory C:\Users\joaog\projetos_sincro\backend_sincro\fleet-service\src\test\resources
2023-07-21 10:02:48,297 [Worker-33: Building] WARN  o.e.m.c.i.embedder.EclipseLogger - The artifact org.hibernate:hibernate-jpamodelgen:pom:6.1.3.Final has been relocated to org.hibernate.orm:hibernate-jpamodelgen:pom:6.1.3.Final
2023-07-21 10:02:49,533 [Worker-33: Building] INFO  o.e.m.c.i.l.LifecycleMappingFactory - Using org.eclipse.m2e.jdt.JarLifecycleMapping lifecycle mapping for MavenProject: com.sincro.fleet:fleetserviceclient:1.0.545 @ C:\Users\joaog\projetos_sincro\backend_sincro\fleet-service\pom.xml.
2023-07-21 10:02:49,764 [Worker-33: Building] WARN  o.e.m.c.i.embedder.EclipseLogger - The artifact org.hibernate:hibernate-jpamodelgen:pom:6.1.3.Final has been relocated to org.hibernate.orm:hibernate-jpamodelgen:pom:6.1.3.Final
2023-07-21 10:02:56,447 [Worker-33: Building] INFO  o.e.m.c.i.embedder.EclipseLogger - Using 'UTF-8' encoding to copy filtered resources.
2023-07-21 10:02:56,447 [Worker-33: Building] INFO  o.e.m.c.i.embedder.EclipseLogger - Using 'UTF-8' encoding to copy filtered properties files.
2023-07-21 10:02:56,489 [Worker-33: Building] INFO  o.e.m.c.i.embedder.EclipseLogger - Copying 5 resources
2023-07-21 10:02:56,598 [Worker-33: Building] INFO  o.e.m.c.i.embedder.EclipseLogger - Copying 112 resources
2023-07-21 10:02:57,333 [Worker-33: Building] INFO  o.e.m.c.i.embedder.EclipseLogger - Using 'UTF-8' encoding to copy filtered resources.
2023-07-21 10:02:57,333 [Worker-33: Building] INFO  o.e.m.c.i.embedder.EclipseLogger - Using 'UTF-8' encoding to copy filtered properties files.
2023-07-21 10:02:57,333 [Worker-33: Building] INFO  o.e.m.c.i.embedder.EclipseLogger - skip non existing resourceDirectory C:\Users\joaog\projetos_sincro\backend_sincro\fleet-service\src\test\resources
2023-07-24 09:40:02,535 [Worker-1: Loading available Gradle versions] INFO  o.e.b.c.i.u.g.PublishedGradleVersions - Gradle version information cache is out-of-date. Trying to update.
2023-07-27 22:11:53,138 [Worker-1: Loading available Gradle versions] INFO  o.e.b.c.i.u.g.PublishedGradleVersions - Gradle version information cache is out-of-date. Trying to update.
2023-07-27 22:15:34,318 [Worker-23: Building] WARN  o.e.m.c.i.embedder.EclipseLogger - The artifact org.hibernate:hibernate-jpamodelgen:pom:6.1.3.Final has been relocated to org.hibernate.orm:hibernate-jpamodelgen:pom:6.1.3.Final
2023-07-27 22:15:39,284 [Worker-23: Building] INFO  o.e.m.c.i.embedder.EclipseLogger - Using 'UTF-8' encoding to copy filtered resources.
2023-07-27 22:15:39,284 [Worker-23: Building] INFO  o.e.m.c.i.embedder.EclipseLogger - Using 'UTF-8' encoding to copy filtered properties files.
2023-07-27 22:15:39,294 [Worker-23: Building] INFO  o.e.m.c.i.embedder.EclipseLogger - Copying 5 resources
2023-07-27 22:15:39,442 [Worker-23: Building] INFO  o.e.m.c.i.embedder.EclipseLogger - Copying 112 resources
2023-07-27 22:15:41,234 [Worker-23: Building] INFO  o.e.m.c.i.embedder.EclipseLogger - Using 'UTF-8' encoding to copy filtered resources.
2023-07-27 22:15:41,234 [Worker-23: Building] INFO  o.e.m.c.i.embedder.EclipseLogger - Using 'UTF-8' encoding to copy filtered properties files.
2023-07-27 22:15:41,234 [Worker-23: Building] INFO  o.e.m.c.i.embedder.EclipseLogger - skip non existing resourceDirectory C:\Users\joaog\projetos_sincro\backend_sincro\fleet-service\src\test\resources
2023-07-27 22:31:46,694 [Worker-4: Loading available Gradle versions] INFO  o.e.b.c.i.u.g.PublishedGradleVersions - Gradle version information cache is up-to-date. Trying to read.
2023-07-27 23:34:48,027 [Worker-4: Loading available Gradle versions] INFO  o.e.b.c.i.u.g.PublishedGradleVersions - Gradle version information cache is up-to-date. Trying to read.
2023-07-31 22:47:16,388 [Worker-1: Loading available Gradle versions] INFO  o.e.b.c.i.u.g.PublishedGradleVersions - Gradle version information cache is out-of-date. Trying to update.
2023-07-31 22:51:02,648 [Worker-5: Loading available Gradle versions] INFO  o.e.b.c.i.u.g.PublishedGradleVersions - Gradle version information cache is up-to-date. Trying to read.
2023-07-31 22:54:59,562 [Worker-38: Building] WARN  o.e.m.c.i.embedder.EclipseLogger - Failed to build parent project for org.springframework.boot:spring-boot-starter-parent:pom:2.7.2
2023-07-31 22:54:59,570 [Worker-38: Building] WARN  o.e.m.c.i.embedder.EclipseLogger - Failed to build parent project for com.sincro.fleet:fleetserviceclient:jar:1.0.545
2023-07-31 22:55:20,397 [Worker-38: Building] WARN  o.e.m.c.i.embedder.EclipseLogger - The artifact org.hibernate:hibernate-jpamodelgen:pom:6.1.3.Final has been relocated to org.hibernate.orm:hibernate-jpamodelgen:pom:6.1.3.Final
2023-07-31 22:55:22,277 [Worker-2: Loading available Gradle versions] INFO  o.e.b.c.i.u.g.PublishedGradleVersions - Gradle version information cache is up-to-date. Trying to read.
2023-07-31 22:55:47,301 [Worker-29: Building] WARN  o.e.m.c.i.embedder.EclipseLogger - The artifact org.hibernate:hibernate-jpamodelgen:pom:6.1.3.Final has been relocated to org.hibernate.orm:hibernate-jpamodelgen:pom:6.1.3.Final
2023-07-31 22:55:53,217 [Worker-29: Building] INFO  o.e.m.c.i.embedder.EclipseLogger - Using 'UTF-8' encoding to copy filtered resources.
2023-07-31 22:55:53,218 [Worker-29: Building] INFO  o.e.m.c.i.embedder.EclipseLogger - Using 'UTF-8' encoding to copy filtered properties files.
2023-07-31 22:55:53,228 [Worker-29: Building] INFO  o.e.m.c.i.embedder.EclipseLogger - Copying 5 resources
2023-07-31 22:55:53,406 [Worker-29: Building] INFO  o.e.m.c.i.embedder.EclipseLogger - Copying 112 resources
2023-07-31 22:55:55,316 [Worker-29: Building] INFO  o.e.m.c.i.embedder.EclipseLogger - Using 'UTF-8' encoding to copy filtered resources.
2023-07-31 22:55:55,317 [Worker-29: Building] INFO  o.e.m.c.i.embedder.EclipseLogger - Using 'UTF-8' encoding to copy filtered properties files.
2023-07-31 22:55:55,317 [Worker-29: Building] INFO  o.e.m.c.i.embedder.EclipseLogger - skip non existing resourceDirectory C:\Users\joaog\projetos_sincro\backend_sincro\fleet-service\src\test\resources
2023-07-31 23:03:02,995 [Worker-4: Loading available Gradle versions] INFO  o.e.b.c.i.u.g.PublishedGradleVersions - Gradle version information cache is up-to-date. Trying to read.
